peatio:amqp:notification: process with pid 21014 started.
/home/deploy/.rbenv/versions/2.2.1/lib/ruby/gems/2.2.0/gems/actionpack-4.0.12/lib/action_dispatch/http/mime_type.rb:167: warning: already initialized constant Mime::PDF
/home/deploy/.rbenv/versions/2.2.1/lib/ruby/gems/2.2.0/gems/actionpack-4.0.12/lib/action_dispatch/http/mime_type.rb:167: warning: previous definition of PDF was here
I, [2017-12-31T23:31:55.031393 #21014]  INFO -- : Connected to AMQP broker (prefetch: default)
I, [2017-12-31T23:32:12.640020 #21014]  INFO -- : Received: {"mailer_class":"SystemMailer","method":"trade_execute_error","args":[{"market_id":"ltcbtc","ask_id":128,"bid_id":67,"strike_price":"0.0003","volume":"0.037","funds":"0.0000111","locale":"en"},"invalid lock amount (amount: 0.0000111, locked: 0.0000111, self.locked: 0.0)","/home/deploy/blocksgate/app/models/account.rb:75:in `unlock_and_sub_funds'\n/home/deploy/blocksgate/app/models/account.rb:45:in `call'\n/home/deploy/blocksgate/app/models/account.rb:45:in `block (2 levels) in after'\n/home/deploy/blocksgate/app/models/order.rb:67:in `strike'\n/home/deploy/blocksgate/app/models/matching/executor.rb:60:in `block in create_trade_and_strike_orders'\n/home/deploy/.rbenv/versions/2.2.1/lib/ruby/gems/2.2.0/gems/activerecord-4.0.12/lib/active_record/connection_adapters/abstract/database_statements.rb:203:in `block in transaction'\n/home/deploy/.rbenv/versions/2.2.1/lib/ruby/gems/2.2.0/gems/activerecord-4.0.12/lib/active_record/connection_adapters/abstract/database_statements.rb:211:in `within_new_transaction'\n/home/deploy/.rbenv/versions/2.2.1/lib/ruby/gems/2.2.0/gems/activerecord-4.0.12/lib/active_record/connection_adapters/abstract/database_statements.rb:203:in `transaction'\n/home/deploy/.rbenv/versions/2.2.1/lib/ruby/gems/2.2.0/gems/activerecord-4.0.12/lib/active_record/transactions.rb:209:in `transaction'\n/home/deploy/blocksgate/app/models/matching/executor.rb:49:in `create_trade_and_strike_orders'\n/home/deploy/blocksgate/app/models/matching/executor.rb:15:in `block in execute!'\n/home/deploy/blocksgate/app/models/matching/executor.rb:34:in `call'\n/home/deploy/blocksgate/app/models/matching/executor.rb:34:in `retry_on_error'\n/home/deploy/blocksgate/app/models/matching/executor.rb:15:in `execute!'\n/home/deploy/blocksgate/app/models/worker/trade_executor.rb:6:in `process'\n/home/deploy/blocksgate/lib/daemons/amqp_daemon.rb:61:in `block (2 levels) in <top (required)>'\n/home/deploy/.rbenv/versions/2.2.1/lib/ruby/gems/2.2.0/gems/bunny-1.2.1/lib/bunny/consumer.rb:56:in `call'\n/home/deploy/.rbenv/versions/2.2.1/lib/ruby/gems/2.2.0/gems/bunny-1.2.1/lib/bunny/consumer.rb:56:in `call'\n/home/deploy/.rbenv/versions/2.2.1/lib/ruby/gems/2.2.0/gems/bunny-1.2.1/lib/bunny/channel.rb:1672:in `block in handle_frameset'\n/home/deploy/.rbenv/versions/2.2.1/lib/ruby/gems/2.2.0/gems/bunny-1.2.1/lib/bunny/consumer_work_pool.rb:84:in `call'\n/home/deploy/.rbenv/versions/2.2.1/lib/ruby/gems/2.2.0/gems/bunny-1.2.1/lib/bunny/consumer_work_pool.rb:84:in `block (2 levels) in run_loop'\n/home/deploy/.rbenv/versions/2.2.1/lib/ruby/gems/2.2.0/gems/bunny-1.2.1/lib/bunny/consumer_work_pool.rb:80:in `loop'\n/home/deploy/.rbenv/versions/2.2.1/lib/ruby/gems/2.2.0/gems/bunny-1.2.1/lib/bunny/consumer_work_pool.rb:80:in `block in run_loop'\n/home/deploy/.rbenv/versions/2.2.1/lib/ruby/gems/2.2.0/gems/bunny-1.2.1/lib/bunny/consumer_work_pool.rb:79:in `catch'\n/home/deploy/.rbenv/versions/2.2.1/lib/ruby/gems/2.2.0/gems/bunny-1.2.1/lib/bunny/consumer_work_pool.rb:79:in `run_loop'"],"locale":"en"}
F, [2017-12-31T23:32:13.491865 #21014] FATAL -- : getaddrinfo: Servname not supported for ai_socktype (SocketError)
/home/deploy/.rbenv/versions/2.2.1/lib/ruby/2.2.0/net/smtp.rb:541:in `initialize'
/home/deploy/.rbenv/versions/2.2.1/lib/ruby/2.2.0/net/smtp.rb:541:in `open'
/home/deploy/.rbenv/versions/2.2.1/lib/ruby/2.2.0/net/smtp.rb:541:in `tcp_socket'
/home/deploy/.rbenv/versions/2.2.1/lib/ruby/2.2.0/net/smtp.rb:551:in `block in do_start'
/home/deploy/.rbenv/versions/2.2.1/lib/ruby/2.2.0/timeout.rb:89:in `block in timeout'
/home/deploy/.rbenv/versions/2.2.1/lib/ruby/2.2.0/timeout.rb:99:in `call'
/home/deploy/.rbenv/versions/2.2.1/lib/ruby/2.2.0/timeout.rb:99:in `timeout'
/home/deploy/.rbenv/versions/2.2.1/lib/ruby/2.2.0/net/smtp.rb:550:in `do_start'
/home/deploy/.rbenv/versions/2.2.1/lib/ruby/2.2.0/net/smtp.rb:520:in `start'
/home/deploy/.rbenv/versions/2.2.1/lib/ruby/gems/2.2.0/gems/mail-2.6.3/lib/mail/network/delivery_methods/smtp.rb:112:in `deliver!'
/home/deploy/.rbenv/versions/2.2.1/lib/ruby/gems/2.2.0/gems/mail-2.6.3/lib/mail/message.rb:2141:in `do_delivery'
/home/deploy/.rbenv/versions/2.2.1/lib/ruby/gems/2.2.0/gems/mail-2.6.3/lib/mail/message.rb:236:in `block in deliver'
/home/deploy/.rbenv/versions/2.2.1/lib/ruby/gems/2.2.0/gems/actionmailer-4.0.12/lib/action_mailer/base.rb:456:in `block in deliver_mail'
/home/deploy/.rbenv/versions/2.2.1/lib/ruby/gems/2.2.0/gems/activesupport-4.0.12/lib/active_support/notifications.rb:159:in `block in instrument'
/home/deploy/.rbenv/versions/2.2.1/lib/ruby/gems/2.2.0/gems/activesupport-4.0.12/lib/active_support/notifications/instrumenter.rb:20:in `instrument'
/home/deploy/.rbenv/versions/2.2.1/lib/ruby/gems/2.2.0/gems/activesupport-4.0.12/lib/active_support/notifications.rb:159:in `instrument'
/home/deploy/.rbenv/versions/2.2.1/lib/ruby/gems/2.2.0/gems/actionmailer-4.0.12/lib/action_mailer/base.rb:454:in `deliver_mail'
/home/deploy/.rbenv/versions/2.2.1/lib/ruby/gems/2.2.0/gems/mail-2.6.3/lib/mail/message.rb:236:in `deliver'
/home/deploy/blocksgate/app/models/worker/email_notification.rb:13:in `process'
/home/deploy/blocksgate/lib/daemons/amqp_daemon.rb:61:in `block (2 levels) in <top (required)>'
/home/deploy/.rbenv/versions/2.2.1/lib/ruby/gems/2.2.0/gems/bunny-1.2.1/lib/bunny/consumer.rb:56:in `call'
/home/deploy/.rbenv/versions/2.2.1/lib/ruby/gems/2.2.0/gems/bunny-1.2.1/lib/bunny/consumer.rb:56:in `call'
/home/deploy/.rbenv/versions/2.2.1/lib/ruby/gems/2.2.0/gems/bunny-1.2.1/lib/bunny/channel.rb:1672:in `block in handle_frameset'
/home/deploy/.rbenv/versions/2.2.1/lib/ruby/gems/2.2.0/gems/bunny-1.2.1/lib/bunny/consumer_work_pool.rb:84:in `call'
/home/deploy/.rbenv/versions/2.2.1/lib/ruby/gems/2.2.0/gems/bunny-1.2.1/lib/bunny/consumer_work_pool.rb:84:in `block (2 levels) in run_loop'
/home/deploy/.rbenv/versions/2.2.1/lib/ruby/gems/2.2.0/gems/bunny-1.2.1/lib/bunny/consumer_work_pool.rb:80:in `loop'
/home/deploy/.rbenv/versions/2.2.1/lib/ruby/gems/2.2.0/gems/bunny-1.2.1/lib/bunny/consumer_work_pool.rb:80:in `block in run_loop'
/home/deploy/.rbenv/versions/2.2.1/lib/ruby/gems/2.2.0/gems/bunny-1.2.1/lib/bunny/consumer_work_pool.rb:79:in `catch'
/home/deploy/.rbenv/versions/2.2.1/lib/ruby/gems/2.2.0/gems/bunny-1.2.1/lib/bunny/consumer_work_pool.rb:79:in `run_loop'
F, [2017-12-31T23:32:13.491911 #21014] FATAL -- : /home/deploy/.rbenv/versions/2.2.1/lib/ruby/2.2.0/net/smtp.rb:541:in `initialize'
/home/deploy/.rbenv/versions/2.2.1/lib/ruby/2.2.0/net/smtp.rb:541:in `open'
/home/deploy/.rbenv/versions/2.2.1/lib/ruby/2.2.0/net/smtp.rb:541:in `tcp_socket'
/home/deploy/.rbenv/versions/2.2.1/lib/ruby/2.2.0/net/smtp.rb:551:in `block in do_start'
/home/deploy/.rbenv/versions/2.2.1/lib/ruby/2.2.0/timeout.rb:89:in `block in timeout'
/home/deploy/.rbenv/versions/2.2.1/lib/ruby/2.2.0/timeout.rb:99:in `call'
/home/deploy/.rbenv/versions/2.2.1/lib/ruby/2.2.0/timeout.rb:99:in `timeout'
/home/deploy/.rbenv/versions/2.2.1/lib/ruby/2.2.0/net/smtp.rb:550:in `do_start'
/home/deploy/.rbenv/versions/2.2.1/lib/ruby/2.2.0/net/smtp.rb:520:in `start'
/home/deploy/.rbenv/versions/2.2.1/lib/ruby/gems/2.2.0/gems/mail-2.6.3/lib/mail/network/delivery_methods/smtp.rb:112:in `deliver!'
/home/deploy/.rbenv/versions/2.2.1/lib/ruby/gems/2.2.0/gems/mail-2.6.3/lib/mail/message.rb:2141:in `do_delivery'
/home/deploy/.rbenv/versions/2.2.1/lib/ruby/gems/2.2.0/gems/mail-2.6.3/lib/mail/message.rb:236:in `block in deliver'
/home/deploy/.rbenv/versions/2.2.1/lib/ruby/gems/2.2.0/gems/actionmailer-4.0.12/lib/action_mailer/base.rb:456:in `block in deliver_mail'
/home/deploy/.rbenv/versions/2.2.1/lib/ruby/gems/2.2.0/gems/activesupport-4.0.12/lib/active_support/notifications.rb:159:in `block in instrument'
/home/deploy/.rbenv/versions/2.2.1/lib/ruby/gems/2.2.0/gems/activesupport-4.0.12/lib/active_support/notifications/instrumenter.rb:20:in `instrument'
/home/deploy/.rbenv/versions/2.2.1/lib/ruby/gems/2.2.0/gems/activesupport-4.0.12/lib/active_support/notifications.rb:159:in `instrument'
/home/deploy/.rbenv/versions/2.2.1/lib/ruby/gems/2.2.0/gems/actionmailer-4.0.12/lib/action_mailer/base.rb:454:in `deliver_mail'
/home/deploy/.rbenv/versions/2.2.1/lib/ruby/gems/2.2.0/gems/mail-2.6.3/lib/mail/message.rb:236:in `deliver'
/home/deploy/blocksgate/app/models/worker/email_notification.rb:13:in `process'
/home/deploy/blocksgate/lib/daemons/amqp_daemon.rb:61:in `block (2 levels) in <top (required)>'
/home/deploy/.rbenv/versions/2.2.1/lib/ruby/gems/2.2.0/gems/bunny-1.2.1/lib/bunny/consumer.rb:56:in `call'
/home/deploy/.rbenv/versions/2.2.1/lib/ruby/gems/2.2.0/gems/bunny-1.2.1/lib/bunny/consumer.rb:56:in `call'
/home/deploy/.rbenv/versions/2.2.1/lib/ruby/gems/2.2.0/gems/bunny-1.2.1/lib/bunny/channel.rb:1672:in `block in handle_frameset'
/home/deploy/.rbenv/versions/2.2.1/lib/ruby/gems/2.2.0/gems/bunny-1.2.1/lib/bunny/consumer_work_pool.rb:84:in `call'
/home/deploy/.rbenv/versions/2.2.1/lib/ruby/gems/2.2.0/gems/bunny-1.2.1/lib/bunny/consumer_work_pool.rb:84:in `block (2 levels) in run_loop'
/home/deploy/.rbenv/versions/2.2.1/lib/ruby/gems/2.2.0/gems/bunny-1.2.1/lib/bunny/consumer_work_pool.rb:80:in `loop'
/home/deploy/.rbenv/versions/2.2.1/lib/ruby/gems/2.2.0/gems/bunny-1.2.1/lib/bunny/consumer_work_pool.rb:80:in `block in run_loop'
/home/deploy/.rbenv/versions/2.2.1/lib/ruby/gems/2.2.0/gems/bunny-1.2.1/lib/bunny/consumer_work_pool.rb:79:in `catch'
/home/deploy/.rbenv/versions/2.2.1/lib/ruby/gems/2.2.0/gems/bunny-1.2.1/lib/bunny/consumer_work_pool.rb:79:in `run_loop'
