stats.rb: process with pid 21251 started.
/home/deploy/.rbenv/versions/2.2.1/lib/ruby/gems/2.2.0/gems/actionpack-4.0.12/lib/action_dispatch/http/mime_type.rb:167: warning: already initialized constant Mime::PDF
/home/deploy/.rbenv/versions/2.2.1/lib/ruby/gems/2.2.0/gems/actionpack-4.0.12/lib/action_dispatch/http/mime_type.rb:167: warning: previous definition of PDF was here
I, [2017-12-31T23:32:15.439767 #21251]  INFO -- : Worker::MemberStats collected.
I, [2017-12-31T23:32:17.061070 #21251]  INFO -- : Worker::FundStats (cny) collected.
I, [2017-12-31T23:32:17.073549 #21251]  INFO -- : Worker::WalletStats (cny) collected.
I, [2017-12-31T23:32:18.670574 #21251]  INFO -- : Worker::FundStats (btc) collected.
I, [2017-12-31T23:32:18.679707 #21251]  INFO -- : Worker::WalletStats (btc) collected.
I, [2017-12-31T23:32:20.534171 #21251]  INFO -- : Worker::FundStats (ltc) collected.
I, [2017-12-31T23:32:20.542095 #21251]  INFO -- : Worker::WalletStats (ltc) collected.
I, [2017-12-31T23:32:21.243564 #21251]  INFO -- : Worker::FundStats (doge) collected.
I, [2017-12-31T23:32:21.247475 #21251]  INFO -- : Worker::WalletStats (doge) collected.
I, [2017-12-31T23:32:22.514303 #21251]  INFO -- : Worker::FundStats (dash) collected.
I, [2017-12-31T23:32:22.522078 #21251]  INFO -- : Worker::WalletStats (dash) collected.
I, [2017-12-31T23:32:24.980320 #21251]  INFO -- : Worker::FundStats (ric) collected.
I, [2017-12-31T23:32:25.007185 #21251]  INFO -- : Worker::WalletStats (ric) collected.
I, [2017-12-31T23:32:27.076228 #21251]  INFO -- : Worker::FundStats (ppc) collected.
I, [2017-12-31T23:32:27.083913 #21251]  INFO -- : Worker::WalletStats (ppc) collected.
I, [2017-12-31T23:32:29.403012 #21251]  INFO -- : Worker::FundStats (xpm) collected.
I, [2017-12-31T23:32:29.446343 #21251]  INFO -- : Worker::WalletStats (xpm) collected.
I, [2017-12-31T23:32:32.135832 #21251]  INFO -- : Worker::FundStats (flo) collected.
I, [2017-12-31T23:32:32.139562 #21251]  INFO -- : Worker::WalletStats (flo) collected.
I, [2017-12-31T23:32:33.169855 #21251]  INFO -- : Worker::TradeStats (btccny) collected.
I, [2017-12-31T23:32:33.182617 #21251]  INFO -- : Worker::TopStats (btccny) collected.
I, [2017-12-31T23:32:34.623654 #21251]  INFO -- : Worker::TradeStats (ltccny) collected.
I, [2017-12-31T23:32:34.634833 #21251]  INFO -- : Worker::TopStats (ltccny) collected.
I, [2017-12-31T23:32:36.600392 #21251]  INFO -- : Worker::TradeStats (ltcbtc) collected.
I, [2017-12-31T23:32:36.609937 #21251]  INFO -- : Worker::TopStats (ltcbtc) collected.
I, [2017-12-31T23:32:37.980893 #21251]  INFO -- : Worker::TradeStats (dogecny) collected.
I, [2017-12-31T23:32:37.988961 #21251]  INFO -- : Worker::TopStats (dogecny) collected.
I, [2017-12-31T23:32:39.661726 #21251]  INFO -- : Worker::TradeStats (dogebtc) collected.
I, [2017-12-31T23:32:39.671648 #21251]  INFO -- : Worker::TopStats (dogebtc) collected.
I, [2017-12-31T23:32:41.273050 #21251]  INFO -- : Worker::TradeStats (dashcny) collected.
I, [2017-12-31T23:32:41.279665 #21251]  INFO -- : Worker::TopStats (dashcny) collected.
I, [2017-12-31T23:32:42.716149 #21251]  INFO -- : Worker::TradeStats (dashbtc) collected.
I, [2017-12-31T23:32:42.729475 #21251]  INFO -- : Worker::TopStats (dashbtc) collected.
I, [2017-12-31T23:32:44.105085 #21251]  INFO -- : Worker::TradeStats (riccny) collected.
I, [2017-12-31T23:32:44.111486 #21251]  INFO -- : Worker::TopStats (riccny) collected.
I, [2017-12-31T23:32:45.374568 #21251]  INFO -- : Worker::TradeStats (ricbtc) collected.
I, [2017-12-31T23:32:45.376656 #21251]  INFO -- : Worker::TopStats (ricbtc) collected.
I, [2017-12-31T23:32:46.607651 #21251]  INFO -- : Worker::TradeStats (ppccny) collected.
I, [2017-12-31T23:32:46.627632 #21251]  INFO -- : Worker::TopStats (ppccny) collected.
I, [2017-12-31T23:32:48.299829 #21251]  INFO -- : Worker::TradeStats (ppcbtc) collected.
I, [2017-12-31T23:32:48.311671 #21251]  INFO -- : Worker::TopStats (ppcbtc) collected.
I, [2017-12-31T23:32:49.592677 #21251]  INFO -- : Worker::TradeStats (xpmcny) collected.
I, [2017-12-31T23:32:49.600503 #21251]  INFO -- : Worker::TopStats (xpmcny) collected.
I, [2017-12-31T23:32:51.037346 #21251]  INFO -- : Worker::TradeStats (xpmbtc) collected.
I, [2017-12-31T23:32:51.044541 #21251]  INFO -- : Worker::TopStats (xpmbtc) collected.
I, [2017-12-31T23:32:52.378578 #21251]  INFO -- : Worker::TradeStats (flocny) collected.
I, [2017-12-31T23:32:52.385889 #21251]  INFO -- : Worker::TopStats (flocny) collected.
I, [2017-12-31T23:32:53.648436 #21251]  INFO -- : Worker::TradeStats (flobtc) collected.
I, [2017-12-31T23:32:53.655571 #21251]  INFO -- : Worker::TopStats (flobtc) collected.
I, [2017-12-31T23:33:23.658531 #21251]  INFO -- : Worker::MemberStats collected.
I, [2017-12-31T23:33:23.660060 #21251]  INFO -- : Worker::FundStats (cny) collected.
I, [2017-12-31T23:33:23.660271 #21251]  INFO -- : Worker::WalletStats (cny) collected.
I, [2017-12-31T23:33:23.667995 #21251]  INFO -- : Worker::FundStats (btc) collected.
I, [2017-12-31T23:33:23.671836 #21251]  INFO -- : Worker::WalletStats (btc) collected.
I, [2017-12-31T23:33:23.705856 #21251]  INFO -- : Worker::FundStats (ltc) collected.
I, [2017-12-31T23:33:23.706078 #21251]  INFO -- : Worker::WalletStats (ltc) collected.
I, [2017-12-31T23:33:23.708931 #21251]  INFO -- : Worker::FundStats (doge) collected.
I, [2017-12-31T23:33:23.709148 #21251]  INFO -- : Worker::WalletStats (doge) collected.
I, [2017-12-31T23:33:23.711907 #21251]  INFO -- : Worker::FundStats (dash) collected.
I, [2017-12-31T23:33:23.715634 #21251]  INFO -- : Worker::WalletStats (dash) collected.
I, [2017-12-31T23:33:23.724003 #21251]  INFO -- : Worker::FundStats (ric) collected.
I, [2017-12-31T23:33:23.724227 #21251]  INFO -- : Worker::WalletStats (ric) collected.
I, [2017-12-31T23:33:23.730462 #21251]  INFO -- : Worker::FundStats (ppc) collected.
I, [2017-12-31T23:33:23.730704 #21251]  INFO -- : Worker::WalletStats (ppc) collected.
I, [2017-12-31T23:33:23.735652 #21251]  INFO -- : Worker::FundStats (xpm) collected.
I, [2017-12-31T23:33:23.735895 #21251]  INFO -- : Worker::WalletStats (xpm) collected.
I, [2017-12-31T23:33:23.736598 #21251]  INFO -- : Worker::FundStats (flo) collected.
I, [2017-12-31T23:33:23.736831 #21251]  INFO -- : Worker::WalletStats (flo) collected.
I, [2017-12-31T23:33:23.737319 #21251]  INFO -- : Worker::TradeStats (btccny) collected.
I, [2017-12-31T23:33:23.740065 #21251]  INFO -- : Worker::TopStats (btccny) collected.
I, [2017-12-31T23:33:23.740323 #21251]  INFO -- : Worker::TradeStats (ltccny) collected.
I, [2017-12-31T23:33:23.740514 #21251]  INFO -- : Worker::TopStats (ltccny) collected.
I, [2017-12-31T23:33:23.740760 #21251]  INFO -- : Worker::TradeStats (ltcbtc) collected.
I, [2017-12-31T23:33:23.740968 #21251]  INFO -- : Worker::TopStats (ltcbtc) collected.
I, [2017-12-31T23:33:23.742093 #21251]  INFO -- : Worker::TradeStats (dogecny) collected.
I, [2017-12-31T23:33:23.742308 #21251]  INFO -- : Worker::TopStats (dogecny) collected.
I, [2017-12-31T23:33:23.742595 #21251]  INFO -- : Worker::TradeStats (dogebtc) collected.
I, [2017-12-31T23:33:23.744163 #21251]  INFO -- : Worker::TopStats (dogebtc) collected.
I, [2017-12-31T23:33:23.744469 #21251]  INFO -- : Worker::TradeStats (dashcny) collected.
I, [2017-12-31T23:33:23.744667 #21251]  INFO -- : Worker::TopStats (dashcny) collected.
I, [2017-12-31T23:33:23.747738 #21251]  INFO -- : Worker::TradeStats (dashbtc) collected.
I, [2017-12-31T23:33:23.750674 #21251]  INFO -- : Worker::TopStats (dashbtc) collected.
I, [2017-12-31T23:33:23.751381 #21251]  INFO -- : Worker::TradeStats (riccny) collected.
I, [2017-12-31T23:33:23.751623 #21251]  INFO -- : Worker::TopStats (riccny) collected.
I, [2017-12-31T23:33:23.751874 #21251]  INFO -- : Worker::TradeStats (ricbtc) collected.
I, [2017-12-31T23:33:23.752082 #21251]  INFO -- : Worker::TopStats (ricbtc) collected.
I, [2017-12-31T23:33:23.753641 #21251]  INFO -- : Worker::TradeStats (ppccny) collected.
I, [2017-12-31T23:33:23.753863 #21251]  INFO -- : Worker::TopStats (ppccny) collected.
I, [2017-12-31T23:33:23.754143 #21251]  INFO -- : Worker::TradeStats (ppcbtc) collected.
I, [2017-12-31T23:33:23.754800 #21251]  INFO -- : Worker::TopStats (ppcbtc) collected.
I, [2017-12-31T23:33:23.758778 #21251]  INFO -- : Worker::TradeStats (xpmcny) collected.
I, [2017-12-31T23:33:23.759041 #21251]  INFO -- : Worker::TopStats (xpmcny) collected.
I, [2017-12-31T23:33:23.759372 #21251]  INFO -- : Worker::TradeStats (xpmbtc) collected.
I, [2017-12-31T23:33:23.760258 #21251]  INFO -- : Worker::TopStats (xpmbtc) collected.
I, [2017-12-31T23:33:23.765625 #21251]  INFO -- : Worker::TradeStats (flocny) collected.
I, [2017-12-31T23:33:23.765852 #21251]  INFO -- : Worker::TopStats (flocny) collected.
I, [2017-12-31T23:33:23.766410 #21251]  INFO -- : Worker::TradeStats (flobtc) collected.
I, [2017-12-31T23:33:23.769681 #21251]  INFO -- : Worker::TopStats (flobtc) collected.
I, [2017-12-31T23:33:53.772946 #21251]  INFO -- : Worker::MemberStats collected.
I, [2017-12-31T23:33:53.777854 #21251]  INFO -- : Worker::FundStats (cny) collected.
I, [2017-12-31T23:33:53.778079 #21251]  INFO -- : Worker::WalletStats (cny) collected.
I, [2017-12-31T23:33:53.783870 #21251]  INFO -- : Worker::FundStats (btc) collected.
I, [2017-12-31T23:33:53.784536 #21251]  INFO -- : Worker::WalletStats (btc) collected.
I, [2017-12-31T23:33:53.792526 #21251]  INFO -- : Worker::FundStats (ltc) collected.
I, [2017-12-31T23:33:53.792787 #21251]  INFO -- : Worker::WalletStats (ltc) collected.
I, [2017-12-31T23:33:53.801159 #21251]  INFO -- : Worker::FundStats (doge) collected.
I, [2017-12-31T23:33:53.801419 #21251]  INFO -- : Worker::WalletStats (doge) collected.
I, [2017-12-31T23:33:53.805306 #21251]  INFO -- : Worker::FundStats (dash) collected.
I, [2017-12-31T23:33:53.806201 #21251]  INFO -- : Worker::WalletStats (dash) collected.
I, [2017-12-31T23:33:53.813901 #21251]  INFO -- : Worker::FundStats (ric) collected.
I, [2017-12-31T23:33:53.814122 #21251]  INFO -- : Worker::WalletStats (ric) collected.
I, [2017-12-31T23:33:53.819182 #21251]  INFO -- : Worker::FundStats (ppc) collected.
I, [2017-12-31T23:33:53.819483 #21251]  INFO -- : Worker::WalletStats (ppc) collected.
I, [2017-12-31T23:33:53.822842 #21251]  INFO -- : Worker::FundStats (xpm) collected.
I, [2017-12-31T23:33:53.823469 #21251]  INFO -- : Worker::WalletStats (xpm) collected.
I, [2017-12-31T23:33:53.830761 #21251]  INFO -- : Worker::FundStats (flo) collected.
I, [2017-12-31T23:33:53.831028 #21251]  INFO -- : Worker::WalletStats (flo) collected.
I, [2017-12-31T23:33:53.832825 #21251]  INFO -- : Worker::TradeStats (btccny) collected.
I, [2017-12-31T23:33:53.833034 #21251]  INFO -- : Worker::TopStats (btccny) collected.
I, [2017-12-31T23:33:53.833917 #21251]  INFO -- : Worker::TradeStats (ltccny) collected.
I, [2017-12-31T23:33:53.836461 #21251]  INFO -- : Worker::TopStats (ltccny) collected.
I, [2017-12-31T23:33:53.838717 #21251]  INFO -- : Worker::TradeStats (ltcbtc) collected.
I, [2017-12-31T23:33:53.839917 #21251]  INFO -- : Worker::TopStats (ltcbtc) collected.
I, [2017-12-31T23:33:53.845672 #21251]  INFO -- : Worker::TradeStats (dogecny) collected.
I, [2017-12-31T23:33:53.847269 #21251]  INFO -- : Worker::TopStats (dogecny) collected.
I, [2017-12-31T23:33:53.853627 #21251]  INFO -- : Worker::TradeStats (dogebtc) collected.
I, [2017-12-31T23:33:53.853866 #21251]  INFO -- : Worker::TopStats (dogebtc) collected.
I, [2017-12-31T23:33:53.863295 #21251]  INFO -- : Worker::TradeStats (dashcny) collected.
I, [2017-12-31T23:33:53.863464 #21251]  INFO -- : Worker::TopStats (dashcny) collected.
I, [2017-12-31T23:33:53.864495 #21251]  INFO -- : Worker::TradeStats (dashbtc) collected.
I, [2017-12-31T23:33:53.864701 #21251]  INFO -- : Worker::TopStats (dashbtc) collected.
I, [2017-12-31T23:33:53.868989 #21251]  INFO -- : Worker::TradeStats (riccny) collected.
I, [2017-12-31T23:33:53.869203 #21251]  INFO -- : Worker::TopStats (riccny) collected.
I, [2017-12-31T23:33:53.870599 #21251]  INFO -- : Worker::TradeStats (ricbtc) collected.
I, [2017-12-31T23:33:53.872885 #21251]  INFO -- : Worker::TopStats (ricbtc) collected.
I, [2017-12-31T23:33:53.876855 #21251]  INFO -- : Worker::TradeStats (ppccny) collected.
I, [2017-12-31T23:33:53.879684 #21251]  INFO -- : Worker::TopStats (ppccny) collected.
I, [2017-12-31T23:33:53.880576 #21251]  INFO -- : Worker::TradeStats (ppcbtc) collected.
I, [2017-12-31T23:33:53.880803 #21251]  INFO -- : Worker::TopStats (ppcbtc) collected.
I, [2017-12-31T23:33:53.881668 #21251]  INFO -- : Worker::TradeStats (xpmcny) collected.
I, [2017-12-31T23:33:53.881871 #21251]  INFO -- : Worker::TopStats (xpmcny) collected.
I, [2017-12-31T23:33:53.884915 #21251]  INFO -- : Worker::TradeStats (xpmbtc) collected.
I, [2017-12-31T23:33:53.885174 #21251]  INFO -- : Worker::TopStats (xpmbtc) collected.
I, [2017-12-31T23:33:53.888887 #21251]  INFO -- : Worker::TradeStats (flocny) collected.
I, [2017-12-31T23:33:53.889203 #21251]  INFO -- : Worker::TopStats (flocny) collected.
I, [2017-12-31T23:33:53.895429 #21251]  INFO -- : Worker::TradeStats (flobtc) collected.
I, [2017-12-31T23:33:53.895661 #21251]  INFO -- : Worker::TopStats (flobtc) collected.
I, [2017-12-31T23:34:23.896382 #21251]  INFO -- : Worker::MemberStats collected.
I, [2017-12-31T23:34:23.896873 #21251]  INFO -- : Worker::FundStats (cny) collected.
I, [2017-12-31T23:34:23.897242 #21251]  INFO -- : Worker::WalletStats (cny) collected.
I, [2017-12-31T23:34:23.897599 #21251]  INFO -- : Worker::FundStats (btc) collected.
I, [2017-12-31T23:34:23.897860 #21251]  INFO -- : Worker::WalletStats (btc) collected.
I, [2017-12-31T23:34:23.898224 #21251]  INFO -- : Worker::FundStats (ltc) collected.
I, [2017-12-31T23:34:23.898490 #21251]  INFO -- : Worker::WalletStats (ltc) collected.
I, [2017-12-31T23:34:23.898824 #21251]  INFO -- : Worker::FundStats (doge) collected.
I, [2017-12-31T23:34:23.899138 #21251]  INFO -- : Worker::WalletStats (doge) collected.
I, [2017-12-31T23:34:23.899547 #21251]  INFO -- : Worker::FundStats (dash) collected.
I, [2017-12-31T23:34:23.899843 #21251]  INFO -- : Worker::WalletStats (dash) collected.
I, [2017-12-31T23:34:23.900176 #21251]  INFO -- : Worker::FundStats (ric) collected.
I, [2017-12-31T23:34:23.900454 #21251]  INFO -- : Worker::WalletStats (ric) collected.
I, [2017-12-31T23:34:23.900688 #21251]  INFO -- : Worker::FundStats (ppc) collected.
I, [2017-12-31T23:34:23.900845 #21251]  INFO -- : Worker::WalletStats (ppc) collected.
I, [2017-12-31T23:34:23.901133 #21251]  INFO -- : Worker::FundStats (xpm) collected.
I, [2017-12-31T23:34:23.901328 #21251]  INFO -- : Worker::WalletStats (xpm) collected.
I, [2017-12-31T23:34:23.901572 #21251]  INFO -- : Worker::FundStats (flo) collected.
I, [2017-12-31T23:34:23.901779 #21251]  INFO -- : Worker::WalletStats (flo) collected.
I, [2017-12-31T23:34:23.902038 #21251]  INFO -- : Worker::TradeStats (btccny) collected.
I, [2017-12-31T23:34:23.902228 #21251]  INFO -- : Worker::TopStats (btccny) collected.
I, [2017-12-31T23:34:23.902469 #21251]  INFO -- : Worker::TradeStats (ltccny) collected.
I, [2017-12-31T23:34:23.902655 #21251]  INFO -- : Worker::TopStats (ltccny) collected.
I, [2017-12-31T23:34:23.902982 #21251]  INFO -- : Worker::TradeStats (ltcbtc) collected.
I, [2017-12-31T23:34:23.903168 #21251]  INFO -- : Worker::TopStats (ltcbtc) collected.
I, [2017-12-31T23:34:23.903374 #21251]  INFO -- : Worker::TradeStats (dogecny) collected.
I, [2017-12-31T23:34:23.903562 #21251]  INFO -- : Worker::TopStats (dogecny) collected.
I, [2017-12-31T23:34:23.903815 #21251]  INFO -- : Worker::TradeStats (dogebtc) collected.
I, [2017-12-31T23:34:23.904001 #21251]  INFO -- : Worker::TopStats (dogebtc) collected.
I, [2017-12-31T23:34:23.904238 #21251]  INFO -- : Worker::TradeStats (dashcny) collected.
I, [2017-12-31T23:34:23.904424 #21251]  INFO -- : Worker::TopStats (dashcny) collected.
I, [2017-12-31T23:34:23.904665 #21251]  INFO -- : Worker::TradeStats (dashbtc) collected.
I, [2017-12-31T23:34:23.904858 #21251]  INFO -- : Worker::TopStats (dashbtc) collected.
I, [2017-12-31T23:34:23.905093 #21251]  INFO -- : Worker::TradeStats (riccny) collected.
I, [2017-12-31T23:34:23.905276 #21251]  INFO -- : Worker::TopStats (riccny) collected.
I, [2017-12-31T23:34:23.906265 #21251]  INFO -- : Worker::TradeStats (ricbtc) collected.
I, [2017-12-31T23:34:23.906461 #21251]  INFO -- : Worker::TopStats (ricbtc) collected.
I, [2017-12-31T23:34:23.906706 #21251]  INFO -- : Worker::TradeStats (ppccny) collected.
I, [2017-12-31T23:34:23.906893 #21251]  INFO -- : Worker::TopStats (ppccny) collected.
I, [2017-12-31T23:34:23.907139 #21251]  INFO -- : Worker::TradeStats (ppcbtc) collected.
I, [2017-12-31T23:34:23.907322 #21251]  INFO -- : Worker::TopStats (ppcbtc) collected.
I, [2017-12-31T23:34:23.907522 #21251]  INFO -- : Worker::TradeStats (xpmcny) collected.
I, [2017-12-31T23:34:23.907707 #21251]  INFO -- : Worker::TopStats (xpmcny) collected.
I, [2017-12-31T23:34:23.907947 #21251]  INFO -- : Worker::TradeStats (xpmbtc) collected.
I, [2017-12-31T23:34:23.908129 #21251]  INFO -- : Worker::TopStats (xpmbtc) collected.
I, [2017-12-31T23:34:23.908375 #21251]  INFO -- : Worker::TradeStats (flocny) collected.
I, [2017-12-31T23:34:23.908561 #21251]  INFO -- : Worker::TopStats (flocny) collected.
I, [2017-12-31T23:34:23.908801 #21251]  INFO -- : Worker::TradeStats (flobtc) collected.
I, [2017-12-31T23:34:23.908986 #21251]  INFO -- : Worker::TopStats (flobtc) collected.
I, [2017-12-31T23:34:53.912835 #21251]  INFO -- : Worker::MemberStats collected.
I, [2017-12-31T23:34:53.917515 #21251]  INFO -- : Worker::FundStats (cny) collected.
I, [2017-12-31T23:34:53.917775 #21251]  INFO -- : Worker::WalletStats (cny) collected.
I, [2017-12-31T23:34:53.927323 #21251]  INFO -- : Worker::FundStats (btc) collected.
I, [2017-12-31T23:34:53.928490 #21251]  INFO -- : Worker::WalletStats (btc) collected.
I, [2017-12-31T23:34:53.934761 #21251]  INFO -- : Worker::FundStats (ltc) collected.
I, [2017-12-31T23:34:53.939579 #21251]  INFO -- : Worker::WalletStats (ltc) collected.
I, [2017-12-31T23:34:53.947006 #21251]  INFO -- : Worker::FundStats (doge) collected.
I, [2017-12-31T23:34:53.947737 #21251]  INFO -- : Worker::WalletStats (doge) collected.
I, [2017-12-31T23:34:53.957231 #21251]  INFO -- : Worker::FundStats (dash) collected.
I, [2017-12-31T23:34:53.957555 #21251]  INFO -- : Worker::WalletStats (dash) collected.
I, [2017-12-31T23:34:53.963203 #21251]  INFO -- : Worker::FundStats (ric) collected.
I, [2017-12-31T23:34:53.963425 #21251]  INFO -- : Worker::WalletStats (ric) collected.
I, [2017-12-31T23:34:53.968010 #21251]  INFO -- : Worker::FundStats (ppc) collected.
I, [2017-12-31T23:34:53.968232 #21251]  INFO -- : Worker::WalletStats (ppc) collected.
I, [2017-12-31T23:34:53.973520 #21251]  INFO -- : Worker::FundStats (xpm) collected.
I, [2017-12-31T23:34:53.973739 #21251]  INFO -- : Worker::WalletStats (xpm) collected.
I, [2017-12-31T23:34:53.984300 #21251]  INFO -- : Worker::FundStats (flo) collected.
I, [2017-12-31T23:34:53.984586 #21251]  INFO -- : Worker::WalletStats (flo) collected.
I, [2017-12-31T23:34:53.985989 #21251]  INFO -- : Worker::TradeStats (btccny) collected.
I, [2017-12-31T23:34:53.987136 #21251]  INFO -- : Worker::TopStats (btccny) collected.
I, [2017-12-31T23:34:53.990907 #21251]  INFO -- : Worker::TradeStats (ltccny) collected.
I, [2017-12-31T23:34:53.992170 #21251]  INFO -- : Worker::TopStats (ltccny) collected.
I, [2017-12-31T23:34:53.994038 #21251]  INFO -- : Worker::TradeStats (ltcbtc) collected.
I, [2017-12-31T23:34:53.996194 #21251]  INFO -- : Worker::TopStats (ltcbtc) collected.
I, [2017-12-31T23:34:53.997341 #21251]  INFO -- : Worker::TradeStats (dogecny) collected.
I, [2017-12-31T23:34:53.997543 #21251]  INFO -- : Worker::TopStats (dogecny) collected.
I, [2017-12-31T23:34:54.000250 #21251]  INFO -- : Worker::TradeStats (dogebtc) collected.
I, [2017-12-31T23:34:54.002085 #21251]  INFO -- : Worker::TopStats (dogebtc) collected.
I, [2017-12-31T23:34:54.004376 #21251]  INFO -- : Worker::TradeStats (dashcny) collected.
I, [2017-12-31T23:34:54.004638 #21251]  INFO -- : Worker::TopStats (dashcny) collected.
I, [2017-12-31T23:34:54.005618 #21251]  INFO -- : Worker::TradeStats (dashbtc) collected.
I, [2017-12-31T23:34:54.007502 #21251]  INFO -- : Worker::TopStats (dashbtc) collected.
I, [2017-12-31T23:34:54.009056 #21251]  INFO -- : Worker::TradeStats (riccny) collected.
I, [2017-12-31T23:34:54.009911 #21251]  INFO -- : Worker::TopStats (riccny) collected.
I, [2017-12-31T23:34:54.012451 #21251]  INFO -- : Worker::TradeStats (ricbtc) collected.
I, [2017-12-31T23:34:54.014094 #21251]  INFO -- : Worker::TopStats (ricbtc) collected.
I, [2017-12-31T23:34:54.015540 #21251]  INFO -- : Worker::TradeStats (ppccny) collected.
I, [2017-12-31T23:34:54.015963 #21251]  INFO -- : Worker::TopStats (ppccny) collected.
I, [2017-12-31T23:34:54.018804 #21251]  INFO -- : Worker::TradeStats (ppcbtc) collected.
I, [2017-12-31T23:34:54.019117 #21251]  INFO -- : Worker::TopStats (ppcbtc) collected.
I, [2017-12-31T23:34:54.022913 #21251]  INFO -- : Worker::TradeStats (xpmcny) collected.
I, [2017-12-31T23:34:54.023129 #21251]  INFO -- : Worker::TopStats (xpmcny) collected.
I, [2017-12-31T23:34:54.027098 #21251]  INFO -- : Worker::TradeStats (xpmbtc) collected.
I, [2017-12-31T23:34:54.027842 #21251]  INFO -- : Worker::TopStats (xpmbtc) collected.
I, [2017-12-31T23:34:54.031988 #21251]  INFO -- : Worker::TradeStats (flocny) collected.
I, [2017-12-31T23:34:54.034280 #21251]  INFO -- : Worker::TopStats (flocny) collected.
I, [2017-12-31T23:34:54.035363 #21251]  INFO -- : Worker::TradeStats (flobtc) collected.
I, [2017-12-31T23:34:54.035577 #21251]  INFO -- : Worker::TopStats (flobtc) collected.
